INFO    : Since no target was supplied, we will use "slides".

INFO    : Building target slides
INFO    : XSL conversion of /home/lymber/tmp/2a-semana-pura/source/main.ptx by /home/lymber/.ptx/2.19.1/core/xsl/utilities/pretext-enhanced-source.xsl
INFO    : successful application of /home/lymber/.ptx/2.19.1/core/xsl/utilities/pretext-enhanced-source.xsl
INFO    : Generating any needed assets.
INFO    : XSL conversion of /home/lymber/tmp/2a-semana-pura/source/main.ptx by /home/lymber/.ptx/2.19.1/core/xsl/utilities/pretext-enhanced-source.xsl
INFO    : successful application of /home/lymber/.ptx/2.19.1/core/xsl/utilities/pretext-enhanced-source.xsl
INFO    : XSL conversion of /home/lymber/tmp/2a-semana-pura/source/main.ptx by /home/lymber/.ptx/2.19.1/core/xsl/utilities/pretext-enhanced-source.xsl
INFO    : successful application of /home/lymber/.ptx/2.19.1/core/xsl/utilities/pretext-enhanced-source.xsl
INFO    : XSL conversion of /home/lymber/tmp/2a-semana-pura/source/main.ptx by /home/lymber/.ptx/2.19.1/core/xsl/utilities/pretext-enhanced-source.xsl
INFO    : successful application of /home/lymber/.ptx/2.19.1/core/xsl/utilities/pretext-enhanced-source.xsl
INFO    : XSL conversion of /home/lymber/tmp/2a-semana-pura/source/main.ptx by /home/lymber/.ptx/2.19.1/core/xsl/utilities/pretext-enhanced-source.xsl
INFO    : successful application of /home/lymber/.ptx/2.19.1/core/xsl/utilities/pretext-enhanced-source.xsl
INFO    : XSL conversion of /home/lymber/tmp/2a-semana-pura/source/main.ptx by /home/lymber/.ptx/2.19.1/core/xsl/utilities/pretext-enhanced-source.xsl
INFO    : successful application of /home/lymber/.ptx/2.19.1/core/xsl/utilities/pretext-enhanced-source.xsl
INFO    : XSL conversion of /home/lymber/tmp/2a-semana-pura/source/main.ptx by /home/lymber/.ptx/2.19.1/core/xsl/utilities/pretext-enhanced-source.xsl
INFO    : successful application of /home/lymber/.ptx/2.19.1/core/xsl/utilities/pretext-enhanced-source.xsl
INFO    : XSL conversion of /home/lymber/tmp/2a-semana-pura/source/main.ptx by /home/lymber/.ptx/2.19.1/core/xsl/utilities/pretext-enhanced-source.xsl
INFO    : successful application of /home/lymber/.ptx/2.19.1/core/xsl/utilities/pretext-enhanced-source.xsl
INFO    : XSL conversion of /home/lymber/tmp/2a-semana-pura/source/main.ptx by /home/lymber/.ptx/2.19.1/core/xsl/utilities/pretext-enhanced-source.xsl
INFO    : successful application of /home/lymber/.ptx/2.19.1/core/xsl/utilities/pretext-enhanced-source.xsl
INFO    : XSL conversion of /home/lymber/tmp/2a-semana-pura/source/main.ptx by /home/lymber/.ptx/2.19.1/core/xsl/utilities/pretext-enhanced-source.xsl
INFO    : successful application of /home/lymber/.ptx/2.19.1/core/xsl/utilities/pretext-enhanced-source.xsl
INFO    : XSL conversion of /home/lymber/tmp/2a-semana-pura/source/main.ptx by /home/lymber/.ptx/2.19.1/core/xsl/utilities/pretext-enhanced-source.xsl
INFO    : successful application of /home/lymber/.ptx/2.19.1/core/xsl/utilities/pretext-enhanced-source.xsl
INFO    : XSL conversion of /home/lymber/tmp/2a-semana-pura/source/main.ptx by /home/lymber/.ptx/2.19.1/core/xsl/utilities/pretext-enhanced-source.xsl
INFO    : successful application of /home/lymber/.ptx/2.19.1/core/xsl/utilities/pretext-enhanced-source.xsl
INFO    : XSL conversion of /home/lymber/tmp/2a-semana-pura/source/main.ptx by /home/lymber/.ptx/2.19.1/core/xsl/utilities/pretext-enhanced-source.xsl
INFO    : successful application of /home/lymber/.ptx/2.19.1/core/xsl/utilities/pretext-enhanced-source.xsl
INFO    : XSL conversion of /home/lymber/tmp/2a-semana-pura/source/main.ptx by /home/lymber/.ptx/2.19.1/core/xsl/utilities/pretext-enhanced-source.xsl
INFO    : successful application of /home/lymber/.ptx/2.19.1/core/xsl/utilities/pretext-enhanced-source.xsl
INFO    : XSL conversion of /home/lymber/tmp/2a-semana-pura/source/main.ptx by /home/lymber/.ptx/2.19.1/core/xsl/utilities/pretext-enhanced-source.xsl
INFO    : successful application of /home/lymber/.ptx/2.19.1/core/xsl/utilities/pretext-enhanced-source.xsl
INFO    : Finished generating assets.

INFO    : Preparing to build into /home/lymber/tmp/2a-semana-pura/output/slides.
INFO    : discovering source file's directory name: /home/lymber/tmp/2a-semana-pura/source
INFO    : verifying and expanding input directory: /home/lymber/tmp/2a-semana-pura/source/../generated-assets
INFO    : input directory expanded to absolute path: /home/lymber/tmp/2a-semana-pura/generated-assets
INFO    : verifying and expanding input directory: /home/lymber/tmp/2a-semana-pura/source/../assets
INFO    : input directory expanded to absolute path: /home/lymber/tmp/2a-semana-pura/assets
INFO    : converting /home/lymber/tmp/2a-semana-pura/source/main.ptx to HTML in /tmp/ptx-5g4zxq0y
INFO    : XSL conversion of /home/lymber/tmp/2a-semana-pura/source/main.ptx by /home/lymber/.ptx/2.19.1/core/xsl/pretext-revealjs.xsl
INFO    : messages from the log for XSL processing:
INFO    : * PTX:INFO:   checking ONLY the last TWO YEARS of element deprecations.
Rerun with the string parameter "author.deprecations.all" set to "yes" to check your source against all deprecations.
INFO    : * ********************************************************************************
INFO    : * Conversion to reveal.js presentations/slideshows is experimental
INFO    : * Requests for additional specific constructions welcome
INFO    : * Additional PreTeXt elements are subject to change
INFO    : * ********************************************************************************
INFO    : successful application of /home/lymber/.ptx/2.19.1/core/xsl/pretext-revealjs.xsl
INFO    : Removing temporary directory /tmp/ptx-5g4zxq0y
INFO    : 
Success! The output is in /home/lymber/tmp/2a-semana-pura/output/slides.

INFO    : 
