INFO    : Since no target was supplied, we will use "slides".

INFO    : Building target slides
INFO    : XSL conversion of /home/lymber/tmp/2a-semana-pura/source/main.ptx by /home/lymber/.ptx/2.19.1/core/xsl/utilities/pretext-enhanced-source.xsl
INFO    : successful application of /home/lymber/.ptx/2.19.1/core/xsl/utilities/pretext-enhanced-source.xsl
INFO    : Generating any needed assets.
INFO    : XSL conversion of /home/lymber/tmp/2a-semana-pura/source/main.ptx by /home/lymber/.ptx/2.19.1/core/xsl/utilities/pretext-enhanced-source.xsl
INFO    : successful application of /home/lymber/.ptx/2.19.1/core/xsl/utilities/pretext-enhanced-source.xsl
INFO    : XSL conversion of /home/lymber/tmp/2a-semana-pura/source/main.ptx by /home/lymber/.ptx/2.19.1/core/xsl/utilities/pretext-enhanced-source.xsl
INFO    : successful application of /home/lymber/.ptx/2.19.1/core/xsl/utilities/pretext-enhanced-source.xsl
INFO    : XSL conversion of /home/lymber/tmp/2a-semana-pura/source/main.ptx by /home/lymber/.ptx/2.19.1/core/xsl/utilities/pretext-enhanced-source.xsl
INFO    : successful application of /home/lymber/.ptx/2.19.1/core/xsl/utilities/pretext-enhanced-source.xsl
INFO    : XSL conversion of /home/lymber/tmp/2a-semana-pura/source/main.ptx by /home/lymber/.ptx/2.19.1/core/xsl/utilities/pretext-enhanced-source.xsl
INFO    : successful application of /home/lymber/.ptx/2.19.1/core/xsl/utilities/pretext-enhanced-source.xsl
INFO    : XSL conversion of /home/lymber/tmp/2a-semana-pura/source/main.ptx by /home/lymber/.ptx/2.19.1/core/xsl/utilities/pretext-enhanced-source.xsl
INFO    : successful application of /home/lymber/.ptx/2.19.1/core/xsl/utilities/pretext-enhanced-source.xsl
INFO    : XSL conversion of /home/lymber/tmp/2a-semana-pura/source/main.ptx by /home/lymber/.ptx/2.19.1/core/xsl/utilities/pretext-enhanced-source.xsl
INFO    : successful application of /home/lymber/.ptx/2.19.1/core/xsl/utilities/pretext-enhanced-source.xsl
INFO    : XSL conversion of /home/lymber/tmp/2a-semana-pura/source/main.ptx by /home/lymber/.ptx/2.19.1/core/xsl/utilities/pretext-enhanced-source.xsl
INFO    : successful application of /home/lymber/.ptx/2.19.1/core/xsl/utilities/pretext-enhanced-source.xsl
INFO    : XSL conversion of /home/lymber/tmp/2a-semana-pura/source/main.ptx by /home/lymber/.ptx/2.19.1/core/xsl/utilities/pretext-enhanced-source.xsl
INFO    : successful application of /home/lymber/.ptx/2.19.1/core/xsl/utilities/pretext-enhanced-source.xsl
INFO    : XSL conversion of /home/lymber/tmp/2a-semana-pura/source/main.ptx by /home/lymber/.ptx/2.19.1/core/xsl/utilities/pretext-enhanced-source.xsl
INFO    : successful application of /home/lymber/.ptx/2.19.1/core/xsl/utilities/pretext-enhanced-source.xsl
INFO    : XSL conversion of /home/lymber/tmp/2a-semana-pura/source/main.ptx by /home/lymber/.ptx/2.19.1/core/xsl/utilities/pretext-enhanced-source.xsl
INFO    : successful application of /home/lymber/.ptx/2.19.1/core/xsl/utilities/pretext-enhanced-source.xsl
INFO    : XSL conversion of /home/lymber/tmp/2a-semana-pura/source/main.ptx by /home/lymber/.ptx/2.19.1/core/xsl/utilities/pretext-enhanced-source.xsl
INFO    : successful application of /home/lymber/.ptx/2.19.1/core/xsl/utilities/pretext-enhanced-source.xsl
INFO    : XSL conversion of /home/lymber/tmp/2a-semana-pura/source/main.ptx by /home/lymber/.ptx/2.19.1/core/xsl/utilities/pretext-enhanced-source.xsl
INFO    : successful application of /home/lymber/.ptx/2.19.1/core/xsl/utilities/pretext-enhanced-source.xsl
INFO    : XSL conversion of /home/lymber/tmp/2a-semana-pura/source/main.ptx by /home/lymber/.ptx/2.19.1/core/xsl/utilities/pretext-enhanced-source.xsl
INFO    : successful application of /home/lymber/.ptx/2.19.1/core/xsl/utilities/pretext-enhanced-source.xsl
INFO    : XSL conversion of /home/lymber/tmp/2a-semana-pura/source/main.ptx by /home/lymber/.ptx/2.19.1/core/xsl/utilities/pretext-enhanced-source.xsl
INFO    : successful application of /home/lymber/.ptx/2.19.1/core/xsl/utilities/pretext-enhanced-source.xsl
INFO    : Finished generating assets.

INFO    : Preparing to build into /home/lymber/tmp/2a-semana-pura/output/slides.
INFO    : discovering source file's directory name: /home/lymber/tmp/2a-semana-pura/source
INFO    : verifying and expanding input directory: /home/lymber/tmp/2a-semana-pura/source/../generated-assets
INFO    : input directory expanded to absolute path: /home/lymber/tmp/2a-semana-pura/generated-assets
INFO    : verifying and expanding input directory: /home/lymber/tmp/2a-semana-pura/source/../assets
INFO    : input directory expanded to absolute path: /home/lymber/tmp/2a-semana-pura/assets
INFO    : converting /home/lymber/tmp/2a-semana-pura/source/main.ptx to HTML in /tmp/ptx-2fys4pc3
INFO    : XSL conversion of /home/lymber/tmp/2a-semana-pura/source/main.ptx by /home/lymber/.ptx/2.19.1/core/xsl/pretext-revealjs.xsl
INFO    : messages from the log for XSL processing:
INFO    : * PTX:INFO:   checking ONLY the last TWO YEARS of element deprecations.
Rerun with the string parameter "author.deprecations.all" set to "yes" to check your source against all deprecations.
INFO    : * ********************************************************************************
INFO    : * Conversion to reveal.js presentations/slideshows is experimental
INFO    : * Requests for additional specific constructions welcome
INFO    : * Additional PreTeXt elements are subject to change
INFO    : * ********************************************************************************
WARNING : * PTX:DEPRECATE: (2024-10-08) elements previously included in a "titlepage" element inside the "frontmatter" (author, editor, credit, date, and event) should now be placed in "frontmatter/bibinfo".  To ensure a title page is created, put only the empty element "titlepage-items" inside "titlepage".  Until you move these elements, we will try to honor your intent. (1 time)
INFO    : *              located within: "PreTeXt" (title)
INFO    : * --------------
INFO    : successful application of /home/lymber/.ptx/2.19.1/core/xsl/pretext-revealjs.xsl
INFO    : Removing temporary directory /tmp/ptx-2fys4pc3
INFO    : 
Success! The output is in /home/lymber/tmp/2a-semana-pura/output/slides.

INFO    : 
