INFO    : Since no target was supplied, we will use "slides".

INFO    : Building target slides
ERROR   : XInclude Error caused build to fail:
ERROR   : <string>:0:0:WARNING:IO:IO_LOAD_ERROR: failed to load external entity "/home/lymber/tmp/2a-semana-pura/source/00-disc_info.ptx"
/home/lymber/tmp/2a-semana-pura/source/main.ptx:67:0:ERROR:XINCLUDE:XINCLUDE_NO_FALLBACK: could not load /home/lymber/tmp/2a-semana-pura/source/00-disc_info.ptx, and no fallback was found
<string>:0:0:WARNING:IO:IO_LOAD_ERROR: failed to load external entity "/home/lymber/tmp/2a-semana-pura/source/01-complexos_edo.ptx"
/home/lymber/tmp/2a-semana-pura/source/main.ptx:68:0:ERROR:XINCLUDE:XINCLUDE_NO_FALLBACK: could not load /home/lymber/tmp/2a-semana-pura/source/01-complexos_edo.ptx, and no fallback was found
<string>:0:0:WARNING:IO:IO_LOAD_ERROR: failed to load external entity "/home/lymber/tmp/2a-semana-pura/source/02-curvas.ptx"
/home/lymber/tmp/2a-semana-pura/source/main.ptx:69:0:ERROR:XINCLUDE:XINCLUDE_NO_FALLBACK: could not load /home/lymber/tmp/2a-semana-pura/source/02-curvas.ptx, and no fallback was found
<string>:0:0:WARNING:IO:IO_LOAD_ERROR: failed to load external entity "/home/lymber/tmp/2a-semana-pura/source/03-sup_quadricas.ptx"
/home/lymber/tmp/2a-semana-pura/source/main.ptx:70:0:ERROR:XINCLUDE:XINCLUDE_NO_FALLBACK: could not load /home/lymber/tmp/2a-semana-pura/source/03-sup_quadricas.ptx, and no fallback was found
<string>:0:0:WARNING:IO:IO_LOAD_ERROR: failed to load external entity "/home/lymber/tmp/2a-semana-pura/source/04-func_vv.ptx"
/home/lymber/tmp/2a-semana-pura/source/main.ptx:71:0:ERROR:XINCLUDE:XINCLUDE_NO_FALLBACK: could not load /home/lymber/tmp/2a-semana-pura/source/04-func_vv.ptx, and no fallback was found
<string>:0:0:WARNING:IO:IO_LOAD_ERROR: failed to load external entity "/home/lymber/tmp/2a-semana-pura/source/05-func_limites.ptx"
/home/lymber/tmp/2a-semana-pura/source/main.ptx:72:0:ERROR:XINCLUDE:XINCLUDE_NO_FALLBACK: could not load /home/lymber/tmp/2a-semana-pura/source/05-func_limites.ptx, and no fallback was found
<string>:0:0:WARNING:IO:IO_LOAD_ERROR: failed to load external entity "/home/lymber/tmp/2a-semana-pura/source/06-derpar.ptx"
/home/lymber/tmp/2a-semana-pura/source/main.ptx:73:0:ERROR:XINCLUDE:XINCLUDE_NO_FALLBACK: could not load /home/lymber/tmp/2a-semana-pura/source/06-derpar.ptx, and no fallback was found
<string>:0:0:WARNING:IO:IO_LOAD_ERROR: failed to load external entity "/home/lymber/tmp/2a-semana-pura/source/07-diff.ptx"
/home/lymber/tmp/2a-semana-pura/source/main.ptx:74:0:ERROR:XINCLUDE:XINCLUDE_NO_FALLBACK: could not load /home/lymber/tmp/2a-semana-pura/source/07-diff.ptx, and no fallback was found
<string>:0:0:WARNING:IO:IO_LOAD_ERROR: failed to load external entity "/home/lymber/tmp/2a-semana-pura/source/08-cadeiadir.ptx"
/home/lymber/tmp/2a-semana-pura/source/main.ptx:75:0:ERROR:XINCLUDE:XINCLUDE_NO_FALLBACK: could not load /home/lymber/tmp/2a-semana-pura/source/08-cadeiadir.ptx, and no fallback was found
<string>:0:0:WARNING:IO:IO_LOAD_ERROR: failed to load external entity "/home/lymber/tmp/2a-semana-pura/source/09-sup_nivel.ptx"
/home/lymber/tmp/2a-semana-pura/source/main.ptx:76:0:ERROR:XINCLUDE:XINCLUDE_NO_FALLBACK: could not load /home/lymber/tmp/2a-semana-pura/source/09-sup_nivel.ptx, and no fallback was found
<string>:0:0:WARNING:IO:IO_LOAD_ERROR: failed to load external entity "/home/lymber/tmp/2a-semana-pura/source/10-maxmin.ptx"
/home/lymber/tmp/2a-semana-pura/source/main.ptx:77:0:ERROR:XINCLUDE:XINCLUDE_NO_FALLBACK: could not load /home/lymber/tmp/2a-semana-pura/source/10-maxmin.ptx, and no fallback was found
CRITICAL: XML syntax for source file is invalid
INFO    : ------------------------
CRITICAL: Failed to build.  Exiting...
INFO    : 
----------------------------------------------------
INFO    : While running pretext, the following errors occurred:

INFO    : (see log messages above or in the 'logs' folder for more information)
INFO    : ----------------------------------------------------
